Add Component: Footprint Not Found CAP0805
Add Component: Footprint Not Found CAP0805
Add Component: Footprint Not Found CAP0805
Add Component: Footprint Not Found CAP0805
Add Component: Footprint Not Found CAP0805
Add Component: Footprint Not Found CAP0805
Add Component: Footprint Not Found CAP0805
Add Component: Footprint Not Found CAP0805
Add Component: Footprint Not Found CAP0805
Add Component: Footprint Not Found CAP0805
Add Component: Footprint Not Found CAP0805
Add Component: Footprint Not Found SMA_L4.3-W2.6-LS5.2-RD
Add Component: Footprint Not Found LED0805
Add Component: Footprint Not Found LED0805
Add Component: Footprint Not Found LED0805
Add Component: Footprint Not Found LED0805
Add Component: Footprint Not Found LED0805
Add Component: Footprint Not Found LED0805
Add Component: Footprint Not Found LED0805
Add Component: Footprint Not Found LED0805
Add Component: Footprint Not Found FPC-SMD-P1.00-10P_LCS-SJ-H2.5
Add Component: Footprint Not Found FPC-SMD-P1.00-4P_LCS-XJ-H2.5
Add Component: Footprint Not Found FPC-SMD-P1.00-4P_LCS-XJ-H2.5
Add Component: Footprint Not Found XT30
Add Component: Footprint Not Found MALE HEADER 4
Add Component: Footprint Not Found MALE HEADER 4
Add Component: Footprint Not Found FEMALE HEADER 3
Add Component: Footprint Not Found FEMALE HEADER 3
Add Component: Footprint Not Found FEMALE HEADER 3
Add Component: Footprint Not Found FEMALE HEADER 3
Add Component: Footprint Not Found FEMALE HEADER 3
Add Component: Footprint Not Found FEMALE HEADER 3
Add Component: Footprint Not Found SOT-23
Add Component: Footprint Not Found RES0805
Add Component: Footprint Not Found RES0805
Add Component: Footprint Not Found RES0805
Add Component: Footprint Not Found RES0805
Add Component: Footprint Not Found RES0805
Add Component: Footprint Not Found RES0805
Add Component: Footprint Not Found RES0805
Add Component: Footprint Not Found RES0805
Add Component: Footprint Not Found RES0805
Add Component: Footprint Not Found RES0805
Add Component: Footprint Not Found RES0805
Add Component: Footprint Not Found RES0805
Add Component: Footprint Not Found RES0805
Add Component: Footprint Not Found RES0805
Add Component: Footprint Not Found RES0805
Add Component: Footprint Not Found RES0805
Add Component: Footprint Not Found RES0805
Add Component: Footprint Not Found RES0805
Add Component: Footprint Not Found RES0805
Add Component: Footprint Not Found RES0805
Add Component: Footprint Not Found RES0805
Add Component: Footprint Not Found RES0805
Add Component: Footprint Not Found SW-TH_SHOU-HAN_SS12D10G4
Add Component: Footprint Not Found TO-263-3_L8.6-W10.2-P2.54-LS14.4-BR
Add Component: Footprint Not Found TO-263-3_L8.6-W10.2-P2.54-LS14.4-BR
Add Component: Footprint Not Found SOT-89-3_L4.5-W2.5-P1.50-LS4.2-BR
Add Component: Footprint Not Found SOIC-16_L9.9-W3.9-P1.27-LS6.0-BL
Add Component: Footprint Not Found QFN40P300X300X95-25N-D
Add Component: Footprint Not Found MODULE_ESP32-DEVKITC-32U
Add Pin To Net: Unknown Pin: Pin C1-1
Add Pin To Net: Unknown Pin: Pin C1-2
Add Pin To Net: Unknown Pin: Pin C2-1
Add Pin To Net: Unknown Pin: Pin C2-2
Add Pin To Net: Unknown Pin: Pin C3-1
Add Pin To Net: Unknown Pin: Pin C3-2
Add Pin To Net: Unknown Pin: Pin C4-1
Add Pin To Net: Unknown Pin: Pin C4-2
Add Pin To Net: Unknown Pin: Pin C5-1
Add Pin To Net: Unknown Pin: Pin C5-2
Add Pin To Net: Unknown Pin: Pin C6-1
Add Pin To Net: Unknown Pin: Pin C6-2
Add Pin To Net: Unknown Pin: Pin C7-1
Add Pin To Net: Unknown Pin: Pin C7-2
Add Pin To Net: Unknown Pin: Pin C8-1
Add Pin To Net: Unknown Pin: Pin C8-2
Add Pin To Net: Unknown Pin: Pin C9-1
Add Pin To Net: Unknown Pin: Pin C9-2
Add Pin To Net: Unknown Pin: Pin C10-1
Add Pin To Net: Unknown Pin: Pin C10-2
Add Pin To Net: Unknown Pin: Pin C11-1
Add Pin To Net: Unknown Pin: Pin C11-2
Add Pin To Net: Unknown Pin: Pin D1-A
Add Pin To Net: Unknown Pin: Pin D1-C
Add Pin To Net: Unknown Pin: Pin D2-A
Add Pin To Net: Unknown Pin: Pin D2-K
Add Pin To Net: Unknown Pin: Pin D3-A
Add Pin To Net: Unknown Pin: Pin D3-K
Add Pin To Net: Unknown Pin: Pin D4-A
Add Pin To Net: Unknown Pin: Pin D4-K
Add Pin To Net: Unknown Pin: Pin D5-A
Add Pin To Net: Unknown Pin: Pin D5-K
Add Pin To Net: Unknown Pin: Pin D6-A
Add Pin To Net: Unknown Pin: Pin D6-K
Add Pin To Net: Unknown Pin: Pin D7-A
Add Pin To Net: Unknown Pin: Pin D7-K
Add Pin To Net: Unknown Pin: Pin D8-A
Add Pin To Net: Unknown Pin: Pin D8-K
Add Pin To Net: Unknown Pin: Pin D9-A
Add Pin To Net: Unknown Pin: Pin D9-K
Add Pin To Net: Unknown Pin: Pin J1-1
Add Pin To Net: Unknown Pin: Pin J1-2
Add Pin To Net: Unknown Pin: Pin J1-3
Add Pin To Net: Unknown Pin: Pin J1-4
Add Pin To Net: Unknown Pin: Pin J1-5
Add Pin To Net: Unknown Pin: Pin J1-6
Add Pin To Net: Unknown Pin: Pin J1-7
Add Pin To Net: Unknown Pin: Pin J1-8
Add Pin To Net: Unknown Pin: Pin J1-9
Add Pin To Net: Unknown Pin: Pin J1-10
Add Pin To Net: Unknown Pin: Pin J1-11
Add Pin To Net: Unknown Pin: Pin J1-12
Add Pin To Net: Unknown Pin: Pin J2-1
Add Pin To Net: Unknown Pin: Pin J2-2
Add Pin To Net: Unknown Pin: Pin J2-3
Add Pin To Net: Unknown Pin: Pin J2-4
Add Pin To Net: Unknown Pin: Pin J2-5
Add Pin To Net: Unknown Pin: Pin J2-6
Add Pin To Net: Unknown Pin: Pin J3-1
Add Pin To Net: Unknown Pin: Pin J3-2
Add Pin To Net: Unknown Pin: Pin J3-3
Add Pin To Net: Unknown Pin: Pin J3-4
Add Pin To Net: Unknown Pin: Pin J3-5
Add Pin To Net: Unknown Pin: Pin J3-6
Add Pin To Net: Unknown Pin: Pin J4-1
Add Pin To Net: Unknown Pin: Pin J4-2
Add Pin To Net: Unknown Pin: Pin J5-PIN1
Add Pin To Net: Unknown Pin: Pin J5-PIN2
Add Pin To Net: Unknown Pin: Pin J5-PIN3
Add Pin To Net: Unknown Pin: Pin J5-PIN4
Add Pin To Net: Unknown Pin: Pin J6-PIN1
Add Pin To Net: Unknown Pin: Pin J6-PIN2
Add Pin To Net: Unknown Pin: Pin J6-PIN3
Add Pin To Net: Unknown Pin: Pin J6-PIN4
Add Pin To Net: Unknown Pin: Pin J7-PIN1
Add Pin To Net: Unknown Pin: Pin J7-PIN2
Add Pin To Net: Unknown Pin: Pin J7-PIN3
Add Pin To Net: Unknown Pin: Pin J8-PIN1
Add Pin To Net: Unknown Pin: Pin J8-PIN2
Add Pin To Net: Unknown Pin: Pin J8-PIN3
Add Pin To Net: Unknown Pin: Pin J9-PIN1
Add Pin To Net: Unknown Pin: Pin J9-PIN2
Add Pin To Net: Unknown Pin: Pin J9-PIN3
Add Pin To Net: Unknown Pin: Pin J10-PIN1
Add Pin To Net: Unknown Pin: Pin J10-PIN2
Add Pin To Net: Unknown Pin: Pin J10-PIN3
Add Pin To Net: Unknown Pin: Pin J11-PIN1
Add Pin To Net: Unknown Pin: Pin J11-PIN2
Add Pin To Net: Unknown Pin: Pin J11-PIN3
Add Pin To Net: Unknown Pin: Pin J12-PIN1
Add Pin To Net: Unknown Pin: Pin J12-PIN2
Add Pin To Net: Unknown Pin: Pin J12-PIN3
Add Pin To Net: Unknown Pin: Pin Q1-D
Add Pin To Net: Unknown Pin: Pin Q1-G
Add Pin To Net: Unknown Pin: Pin Q1-S
Add Pin To Net: Unknown Pin: Pin R1-1
Add Pin To Net: Unknown Pin: Pin R1-2
Add Pin To Net: Unknown Pin: Pin R2-1
Add Pin To Net: Unknown Pin: Pin R2-2
Add Pin To Net: Unknown Pin: Pin R3-1
Add Pin To Net: Unknown Pin: Pin R3-2
Add Pin To Net: Unknown Pin: Pin R4-1
Add Pin To Net: Unknown Pin: Pin R4-2
Add Pin To Net: Unknown Pin: Pin R5-1
Add Pin To Net: Unknown Pin: Pin R5-2
Add Pin To Net: Unknown Pin: Pin R6-1
Add Pin To Net: Unknown Pin: Pin R6-2
Add Pin To Net: Unknown Pin: Pin R7-1
Add Pin To Net: Unknown Pin: Pin R7-2
Add Pin To Net: Unknown Pin: Pin R8-1
Add Pin To Net: Unknown Pin: Pin R8-2
Add Pin To Net: Unknown Pin: Pin R9-1
Add Pin To Net: Unknown Pin: Pin R9-2
Add Pin To Net: Unknown Pin: Pin R10-1
Add Pin To Net: Unknown Pin: Pin R10-2
Add Pin To Net: Unknown Pin: Pin R11-1
Add Pin To Net: Unknown Pin: Pin R11-2
Add Pin To Net: Unknown Pin: Pin R12-1
Add Pin To Net: Unknown Pin: Pin R12-2
Add Pin To Net: Unknown Pin: Pin R13-1
Add Pin To Net: Unknown Pin: Pin R13-2
Add Pin To Net: Unknown Pin: Pin R14-1
Add Pin To Net: Unknown Pin: Pin R14-2
Add Pin To Net: Unknown Pin: Pin R15-1
Add Pin To Net: Unknown Pin: Pin R15-2
Add Pin To Net: Unknown Pin: Pin R16-1
Add Pin To Net: Unknown Pin: Pin R16-2
Add Pin To Net: Unknown Pin: Pin R17-1
Add Pin To Net: Unknown Pin: Pin R17-2
Add Pin To Net: Unknown Pin: Pin R18-1
Add Pin To Net: Unknown Pin: Pin R18-2
Add Pin To Net: Unknown Pin: Pin R19-1
Add Pin To Net: Unknown Pin: Pin R19-2
Add Pin To Net: Unknown Pin: Pin R20-1
Add Pin To Net: Unknown Pin: Pin R20-2
Add Pin To Net: Unknown Pin: Pin R21-1
Add Pin To Net: Unknown Pin: Pin R21-2
Add Pin To Net: Unknown Pin: Pin R22-1
Add Pin To Net: Unknown Pin: Pin R22-2
Add Pin To Net: Unknown Pin: Pin SW1-1
Add Pin To Net: Unknown Pin: Pin SW1-2
Add Pin To Net: Unknown Pin: Pin U1-1
Add Pin To Net: Unknown Pin: Pin U1-2
Add Pin To Net: Unknown Pin: Pin U1-3
Add Pin To Net: Unknown Pin: Pin U1-4
Add Pin To Net: Unknown Pin: Pin U2-1
Add Pin To Net: Unknown Pin: Pin U2-2
Add Pin To Net: Unknown Pin: Pin U2-3
Add Pin To Net: Unknown Pin: Pin U2-4
Add Pin To Net: Unknown Pin: Pin U3-1
Add Pin To Net: Unknown Pin: Pin U3-2
Add Pin To Net: Unknown Pin: Pin U3-3
Add Pin To Net: Unknown Pin: Pin U4-1
Add Pin To Net: Unknown Pin: Pin U4-2
Add Pin To Net: Unknown Pin: Pin U4-3
Add Pin To Net: Unknown Pin: Pin U4-4
Add Pin To Net: Unknown Pin: Pin U4-5
Add Pin To Net: Unknown Pin: Pin U4-6
Add Pin To Net: Unknown Pin: Pin U4-7
Add Pin To Net: Unknown Pin: Pin U4-8
Add Pin To Net: Unknown Pin: Pin U4-9
Add Pin To Net: Unknown Pin: Pin U4-10
Add Pin To Net: Unknown Pin: Pin U4-11
Add Pin To Net: Unknown Pin: Pin U4-12
Add Pin To Net: Unknown Pin: Pin U4-13
Add Pin To Net: Unknown Pin: Pin U4-14
Add Pin To Net: Unknown Pin: Pin U4-15
Add Pin To Net: Unknown Pin: Pin U4-16
Add Pin To Net: Unknown Pin: Pin U5-8
Add Pin To Net: Unknown Pin: Pin U5-9
Add Pin To Net: Unknown Pin: Pin U5-10
Add Pin To Net: Unknown Pin: Pin U5-11
Add Pin To Net: Unknown Pin: Pin U5-13
Add Pin To Net: Unknown Pin: Pin U5-18
Add Pin To Net: Unknown Pin: Pin U5-20
Add Pin To Net: Unknown Pin: Pin U5-22
Add Pin To Net: Unknown Pin: Pin U5-23
Add Pin To Net: Unknown Pin: Pin U5-24
Add Pin To Net: Unknown Pin: Pin U5-25
Add Pin To Net: Unknown Pin: Pin U6-14
Add Pin To Net: Unknown Pin: Pin U6-19
Add Pin To Net: Unknown Pin: Pin U6-32
Add Pin To Net: Unknown Pin: Pin U6-38
Add Class Member: Failed to add class member : Component C1 0805B334K500NT
Add Class Member: Failed to add class member : Component C2 0805B334K500NT
Add Class Member: Failed to add class member : Component C3 CC0805KRX7R9BB104
Add Class Member: Failed to add class member : Component C4 CC0805KRX7R9BB104
Add Class Member: Failed to add class member : Component C5 GRM21BR61H106KE43L
Add Class Member: Failed to add class member : Component C6 GRM21BR61H106KE43L
Add Class Member: Failed to add class member : Component C7 CL21B103KBANNNC
Add Class Member: Failed to add class member : Component C8 CC0805KRX7R9BB104
Add Class Member: Failed to add class member : Component C9 CC0805KRX7R9BB104
Add Class Member: Failed to add class member : Component C10 CC0805KRX7R9BB104
Add Class Member: Failed to add class member : Component C11 CC0805KRX7R9BB104
Add Class Member: Failed to add class member : Component D1 SS34
Add Class Member: Failed to add class member : Component D2 KT-0805G
Add Class Member: Failed to add class member : Component D3 KT-0805W
Add Class Member: Failed to add class member : Component D4 KT-0805W
Add Class Member: Failed to add class member : Component D5 KT-0805W
Add Class Member: Failed to add class member : Component D6 KT-0805G
Add Class Member: Failed to add class member : Component D7 KT-0805G
Add Class Member: Failed to add class member : Component D8 KT-0805Y
Add Class Member: Failed to add class member : Component D9 KT-0805Y
Add Class Member: Failed to add class member : Component J1 AFA07-S10ECA-00
Add Class Member: Failed to add class member : Component J2 AFA07-S04FCA-00
Add Class Member: Failed to add class member : Component J3 AFA07-S04FCA-00
Add Class Member: Failed to add class member : Component J4 BATTERY
Add Class Member: Failed to add class member : Component J5 Male Header 4
Add Class Member: Failed to add class member : Component J6 Male Header 4
Add Class Member: Failed to add class member : Component J7 Female Header 3
Add Class Member: Failed to add class member : Component J8 Female Header 3
Add Class Member: Failed to add class member : Component J9 Female Header 3
Add Class Member: Failed to add class member : Component J10 Female Header 3
Add Class Member: Failed to add class member : Component J11 Female Header 3
Add Class Member: Failed to add class member : Component J12 Female Header 3
Add Class Member: Failed to add class member : Component Q1 AO3400A
Add Class Member: Failed to add class member : Component R1 0805W8F3301T5E
Add Class Member: Failed to add class member : Component R2 0805W8F1002T5E
Add Class Member: Failed to add class member : Component R3 0805W8F1002T5E
Add Class Member: Failed to add class member : Component R4 0805W8F6800T5E
Add Class Member: Failed to add class member : Component R5 0805W8F3301T5E
Add Class Member: Failed to add class member : Component R6 0805W8F6800T5E
Add Class Member: Failed to add class member : Component R7 0805W8F6800T5E
Add Class Member: Failed to add class member : Component R8 0805W8F6800T5E
Add Class Member: Failed to add class member : Component R9 0805W8F6800T5E
Add Class Member: Failed to add class member : Component R10 0805W8F6800T5E
Add Class Member: Failed to add class member : Component R11 0805W8F6800T5E
Add Class Member: Failed to add class member : Component R12 0805W8F6800T5E
Add Class Member: Failed to add class member : Component R13 0805W8F4701T5E
Add Class Member: Failed to add class member : Component R14 0805W8F4701T5E
Add Class Member: Failed to add class member : Component R15 0805W8F3301T5E
Add Class Member: Failed to add class member : Component R16 0805W8F3301T5E
Add Class Member: Failed to add class member : Component R17 0805W8F3301T5E
Add Class Member: Failed to add class member : Component R18 0805W8F3301T5E
Add Class Member: Failed to add class member : Component R19 0805W8F4701T5E
Add Class Member: Failed to add class member : Component R20 0805W8F4701T5E
Add Class Member: Failed to add class member : Component R21 0805W8F4701T5E
Add Class Member: Failed to add class member : Component R22 0805W8F4701T5E
Add Class Member: Failed to add class member : Component SW1 SS12D10G4 071
Add Class Member: Failed to add class member : Component U1 LM7805CS/TR
Add Class Member: Failed to add class member : Component U2 LM7805CS/TR
Add Class Member: Failed to add class member : Component U3 HT7533-1
Add Class Member: Failed to add class member : Component U4 ULN2003ADR
Add Class Member: Failed to add class member : Component U5 MPU-6500
Add Class Member: Failed to add class member : Component U6 ESP32-DEVKITC-32U
