Removed Pin From Net: NetName=NetR15_1 Pin=U4-10
Removed Pin From Net: NetName=NetR16_1 Pin=U4-11
Removed Pin From Net: NetName=NetJ3_3 Pin=U4-23
Removed Pin From Net: NetName=NetJ2_3 Pin=U4-24
Removed Pin From Net: NetName=NetD6_A Pin=U4-26
Removed Pin From Net: NetName=NetD4_A Pin=U4-27
Removed Pin From Net: NetName=NetJ9_PIN1 Pin=U4-28
Removed Pin From Net: NetName=NetJ11_PIN1 Pin=U4-29
Removed Pin From Net: NetName=NetR18_1 Pin=U4-30
Removed Pin From Net: NetName=NetR17_1 Pin=U4-31
Added Pin To Net: NetName=NetJ2_3 Pin=U4-10
Added Pin To Net: NetName=NetJ3_3 Pin=U4-11
Added Pin To Net: NetName=NetJ9_PIN1 Pin=U4-23
Added Pin To Net: NetName=NetJ11_PIN1 Pin=U4-24
Added Pin To Net: NetName=NetR18_1 Pin=U4-26
Added Pin To Net: NetName=NetR17_1 Pin=U4-27
Added Pin To Net: NetName=NetD6_A Pin=U4-28
Added Pin To Net: NetName=NetD4_A Pin=U4-29
Added Pin To Net: NetName=NetR16_1 Pin=U4-30
Added Pin To Net: NetName=NetR15_1 Pin=U4-31
